+l
1	#include<stdio.h>
2	int input_number();
3	int is_prime(int n);
4	void output(int n, int result);
5	int main()
6	{
7	    int n,result;
8	    n=input_number();
9	    result=is_prime(n);
10	    output(n,result);
+l
11	    return 0;
12	}
13	int input_number()
14	{
15	    int x;
16	    printf("enter the number");
17	    scanf("%d",&x);
18	    return x;
19	
20	}
+r
Starting program: c:\Users\purab\github-classroom\FPC-advanced\fpc-advanced-classroom-1st-year-assignment-Purab-singh\set03\problem03.exe 
[New Thread 8532.0x9ec]
warning: Can not parse XML library list; XML support was disabled at compile time
[Thread 8532.0x9ec exited with code 0]
[Inferior 1 (process 8532) exited normally]
+r
Starting program: c:\Users\purab\github-classroom\FPC-advanced\fpc-advanced-classroom-1st-year-assignment-Purab-singh\set03\problem03.exe 
[New Thread 12872.0x3594]
[Thread 12872.0x3594 exited with code 0]
[Inferior 1 (process 12872) exited normally]
+q
