+b 10
Breakpoint 1 at 0x140001607: file c:\Users\purab\github-classroom\FPC-advanced\fpc-advanced-classroom-1st-year-assignment-Purab-singh\set01\problem10.c, line 10.
+r
Starting program: c:\Users\purab\github-classroom\FPC-advanced\fpc-advanced-classroom-1st-year-assignment-Purab-singh\set01\problem10.exe 
[New Thread 3780.0xf18]
warning: Can not parse XML library list; XML support was disabled at compile time

Thread 1 hit Breakpoint 1, main () at c:\Users\purab\github-classroom\FPC-advanced\fpc-advanced-classroom-1st-year-assignment-Purab-singh\set01\problem10.c:10
10	    result=stringcompare(string1,string2);
+step
stringcompare (string1=0x14a81ff840 "hell", string2=0x14a81ff7d0 "hello") at c:\Users\purab\github-classroom\FPC-advanced\fpc-advanced-classroom-1st-year-assignment-Purab-singh\set01\problem10.c:23
23	    for(i=0;string1[i]!='\0'||string2[i]!='\0';i++)
+n
25	        result=string1[i]-string2[i];
+n
26	        if(result!=0)
+print result
$1 = 0
+n
23	    for(i=0;string1[i]!='\0'||string2[i]!='\0';i++)
+n
25	        result=string1[i]-string2[i];
+n
26	        if(result!=0)
+n
23	    for(i=0;string1[i]!='\0'||string2[i]!='\0';i++)
+n
25	        result=string1[i]-string2[i];
+n
26	        if(result!=0)
+print result
$2 = 0
+n
23	    for(i=0;string1[i]!='\0'||string2[i]!='\0';i++)
+n
25	        result=string1[i]-string2[i];
+n
26	        if(result!=0)
+print result
$3 = 0
+n
23	    for(i=0;string1[i]!='\0'||string2[i]!='\0';i++)
+n
25	        result=string1[i]-string2[i];
+n
26	        if(result!=0)
+print result
$4 = -111
+q
+b 10
Breakpoint 1 at 0x140001607: file c:\Users\purab\github-classroom\FPC-advanced\fpc-advanced-classroom-1st-year-assignment-Purab-singh\set01\problem10.c, line 10.
+r
Starting program: c:\Users\purab\github-classroom\FPC-advanced\fpc-advanced-classroom-1st-year-assignment-Purab-singh\set01\problem10.exe 
[New Thread 7132.0x24f4]
warning: Can not parse XML library list; XML support was disabled at compile time

Thread 1 hit Breakpoint 1, main () at c:\Users\purab\github-classroom\FPC-advanced\fpc-advanced-classroom-1st-year-assignment-Purab-singh\set01\problem10.c:10
warning: Source file is more recent than executable.
10	    result=stringcompare(string1,string2);
+step
stringcompare (string1=0x16acbffda0 "hello", string2=0x16acbffd30 "hello") at c:\Users\purab\github-classroom\FPC-advanced\fpc-advanced-classroom-1st-year-assignment-Purab-singh\set01\problem10.c:22
22	    int i,result=0;
+b
Breakpoint 2 at 0x7ff76f4316ac: file c:\Users\purab\github-classroom\FPC-advanced\fpc-advanced-classroom-1st-year-assignment-Purab-singh\set01\problem10.c, line 22.
+b
Note: breakpoint 2 also set at pc 0x7ff76f4316ac.
Breakpoint 3 at 0x7ff76f4316ac: file c:\Users\purab\github-classroom\FPC-advanced\fpc-advanced-classroom-1st-year-assignment-Purab-singh\set01\problem10.c, line 22.
+n
23	    for(i=0;string1[i]==string2[i];i++);
+n
26	    result=string1[i]-string2[i];
+print result
$1 = 0
+n
27	    return result;
+n
28	}
+n
main () at c:\Users\purab\github-classroom\FPC-advanced\fpc-advanced-classroom-1st-year-assignment-Purab-singh\set01\problem10.c:11
11	    output(string1,string2,result);
+n
12	}
+r
Starting program: c:\Users\purab\github-classroom\FPC-advanced\fpc-advanced-classroom-1st-year-assignment-Purab-singh\set01\problem10.exe 
[New Thread 9224.0xa0c]

Thread 1 hit Breakpoint 1, main () at c:\Users\purab\github-classroom\FPC-advanced\fpc-advanced-classroom-1st-year-assignment-Purab-singh\set01\problem10.c:10
10	    result=stringcompare(string1,string2);
+n

Thread 1 hit Breakpoint 2, stringcompare (string1=0xb44a7ffad0 "hello", string2=0xb44a7ffa60 "hello") at c:\Users\purab\github-classroom\FPC-advanced\fpc-advanced-classroom-1st-year-assignment-Purab-singh\set01\problem10.c:22
22	    int i,result=0;
+n
23	    for(i=0;string1[i]==string2[i];i++);
+n
26	    result=string1[i]-string2[i];
+n
27	    return result;
+n
28	}
+n
main () at c:\Users\purab\github-classroom\FPC-advanced\fpc-advanced-classroom-1st-year-assignment-Purab-singh\set01\problem10.c:11
11	    output(string1,string2,result);
+n
12	}
+r
Starting program: c:\Users\purab\github-classroom\FPC-advanced\fpc-advanced-classroom-1st-year-assignment-Purab-singh\set01\problem10.exe 
[New Thread 528.0x1a34]

Thread 1 hit Breakpoint 1, main () at c:\Users\purab\github-classroom\FPC-advanced\fpc-advanced-classroom-1st-year-assignment-Purab-singh\set01\problem10.c:10
10	    result=stringcompare(string1,string2);
+n

Thread 1 hit Breakpoint 2, stringcompare (string1=0x35895ff6b0 "hello", string2=0x35895ff640 "hell") at c:\Users\purab\github-classroom\FPC-advanced\fpc-advanced-classroom-1st-year-assignment-Purab-singh\set01\problem10.c:22
22	    int i,result=0;
+n
23	    for(i=0;string1[i]==string2[i];i++);
+n
26	    result=string1[i]-string2[i];
+n
27	    return result;
+n
28	}
+n
main () at c:\Users\purab\github-classroom\FPC-advanced\fpc-advanced-classroom-1st-year-assignment-Purab-singh\set01\problem10.c:11
11	    output(string1,string2,result);
+n
12	}
+q
